0 info it worked if it ends with ok
1 verbose cli [ 'C:\\Program Files\\nodejs\\node.exe',
1 verbose cli   'C:\\Program Files\\nodejs\\node_modules\\npm\\bin\\npm-cli.js',
1 verbose cli   'run',
1 verbose cli   'release' ]
2 info using npm@3.10.8
3 info using node@v6.9.1
4 verbose run-script [ 'prerelease', 'release', 'postrelease' ]
5 info lifecycle toddmark@1.0.0~prerelease: toddmark@1.0.0
6 silly lifecycle toddmark@1.0.0~prerelease: no script for prerelease, continuing
7 info lifecycle toddmark@1.0.0~release: toddmark@1.0.0
8 verbose lifecycle toddmark@1.0.0~release: unsafe-perm in lifecycle true
9 verbose lifecycle toddmark@1.0.0~release: PATH: C:\Program Files\nodejs\node_modules\npm\bin\node-gyp-bin;E:\workspace\toddmark\node_modules\.bin;C:\Users\Administrator\bin;E:\workspace\cmder\bin;C:\Program Files\Git\bin;E:\workspace\cmder\vendor\git-for-windows\mingw32\bin;E:\workspace\cmder\vendor\git-for-windows\usr\local\bin;E:\workspace\cmder\vendor\git-for-windows\usr\bin;E:\workspace\cmder\vendor\git-for-windows\usr\bin;E:\workspace\cmder\vendor\git-for-windows\mingw32\bin;E:\workspace\cmder\vendor\git-for-windows\usr\bin;C:\Users\Administrator\bin;E:\workspace\cmder\vendor\conemu-maximus5\ConEmu\Scripts;E:\workspace\cmder\vendor\conemu-maximus5;E:\workspace\cmder\vendor\conemu-maximus5\ConEmu;C:\ProgramData\Oracle\Java\javapath;C:\windows\system32;C:\windows;C:\windows\System32\Wbem;C:\windows\System32\WindowsPowerShell\v1.0;C:\Program Files (x86)\NVIDIA Corporation\PhysX\Common;C:\Program Files\nodejs;C:\Program Files\Git\cmd;C:\Users\Administrator\AppData\Local\Microsoft\WindowsApps;C:\Users\Administrator\AppData\Roaming\npm;C:\Program Files (x86)\Microsoft VS Code\bin;E:\workspace\cmder;E:\workspace\cmder\vendor\git-for-windows\usr\bin\vendor_perl;E:\workspace\cmder\vendor\git-for-windows\usr\bin\core_perl
10 verbose lifecycle toddmark@1.0.0~release: CWD: E:\workspace\toddmark
11 silly lifecycle toddmark@1.0.0~release: Args: [ '/d /s /c',
11 silly lifecycle   'git add . && git commit -m "/****** release ******/" && git push ' ]
12 silly lifecycle toddmark@1.0.0~release: Returned: code: 128  signal: null
13 info lifecycle toddmark@1.0.0~release: Failed to exec release script
14 verbose stack Error: toddmark@1.0.0 release: `git add . && git commit -m "/****** release ******/" && git push `
14 verbose stack Exit status 128
14 verbose stack     at EventEmitter.<anonymous> (C:\Program Files\nodejs\node_modules\npm\lib\utils\lifecycle.js:255:16)
14 verbose stack     at emitTwo (events.js:106:13)
14 verbose stack     at EventEmitter.emit (events.js:191:7)
14 verbose stack     at ChildProcess.<anonymous> (C:\Program Files\nodejs\node_modules\npm\lib\utils\spawn.js:40:14)
14 verbose stack     at emitTwo (events.js:106:13)
14 verbose stack     at ChildProcess.emit (events.js:191:7)
14 verbose stack     at maybeClose (internal/child_process.js:877:16)
14 verbose stack     at Process.ChildProcess._handle.onexit (internal/child_process.js:226:5)
15 verbose pkgid toddmark@1.0.0
16 verbose cwd E:\workspace\toddmark
17 error Windows_NT 10.0.14393
18 error argv "C:\\Program Files\\nodejs\\node.exe" "C:\\Program Files\\nodejs\\node_modules\\npm\\bin\\npm-cli.js" "run" "release"
19 error node v6.9.1
20 error npm  v3.10.8
21 error code ELIFECYCLE
22 error toddmark@1.0.0 release: `git add . && git commit -m "/****** release ******/" && git push `
22 error Exit status 128
23 error Failed at the toddmark@1.0.0 release script 'git add . && git commit -m "/****** release ******/" && git push '.
23 error Make sure you have the latest version of node.js and npm installed.
23 error If you do, this is most likely a problem with the toddmark package,
23 error not with npm itself.
23 error Tell the author that this fails on your system:
23 error     git add . && git commit -m "/****** release ******/" && git push
23 error You can get information on how to open an issue for this project with:
23 error     npm bugs toddmark
23 error Or if that isn't available, you can get their info via:
23 error     npm owner ls toddmark
23 error There is likely additional logging output above.
24 verbose exit [ 1, true ]
